<?xml version="1.0" encoding="UTF-8"?>
<!-- Generated by org.testng.reporters.JUnitXMLReporter -->
<testsuite ignored="0" hostname="RAMYA-S" failures="0" tests="3" name="Default test" time="27.508" errors="0" timestamp="2023-05-12T18:30:51 IST">
  <testcase classname="testScripts.PlaceOrderTest" name="addItemTest" time="1.017"/>
  <testcase classname="testScripts.PlaceOrderTest" name="checkOutTest" time="2.086"/>
  <testcase classname="testScripts.PlaceOrderTest" name="formchkPage" time="0.52"/>
</testsuite> <!-- Default test -->
